# JRE version: Java(TM) SE Runtime Environment (8.0_111-b14) (build 1.8.0_111-b14)
# Java VM: Java HotSpot(TM) 64-Bit Server VM (25.111-b14 mixed mode linux-amd64 compressed oops)
Heap:
 PSYoungGen      total 36864K, used 32137K [0x00000000d6d80000, 0x00000000db580000, 0x0000000100000000)
  eden space 31744K, 85% used [0x00000000d6d80000,0x00000000d87e5760,0x00000000d8c80000)
  from space 5120K, 99% used [0x00000000db080000,0x00000000db57d098,0x00000000db580000)
  to   space 5120K, 0% used [0x00000000d8c80000,0x00000000d8c80000,0x00000000d9180000)
 ParOldGen       total 84992K, used 11448K [0x0000000084800000, 0x0000000089b00000, 0x00000000d6d80000)
  object space 84992K, 13% used [0x0000000084800000,0x000000008532e3b0,0x0000000089b00000)
 Metaspace       used 14705K, capacity 14897K, committed 15232K, reserved 1062912K
  class space    used 1494K, capacity 1581K, committed 1664K, reserved 1048576K
GC Heap History (4 events):
Event: 1,668 GC heap before
{Heap before GC invocations=1 (full 0):
 PSYoungGen      total 36864K, used 31744K [0x00000000d6d80000, 0x00000000d9680000, 0x0000000100000000)
  eden space 31744K, 100% used [0x00000000d6d80000,0x00000000d8c80000,0x00000000d8c80000)
  from space 5120K, 0% used [0x00000000d9180000,0x00000000d9180000,0x00000000d9680000)
  to   space 5120K, 0% used [0x00000000d8c80000,0x00000000d8c80000,0x00000000d9180000)
 ParOldGen       total 84992K, used 0K [0x0000000084800000, 0x0000000089b00000, 0x00000000d6d80000)
  object space 84992K, 0% used [0x0000000084800000,0x0000000084800000,0x0000000089b00000)
 Metaspace       used 11632K, capacity 11853K, committed 12160K, reserved 1060864K
  class space    used 1224K, capacity 1291K, committed 1408K, reserved 1048576K
Event: 1,693 GC heap after
Heap after GC invocations=1 (full 0):
 PSYoungGen      total 36864K, used 5092K [0x00000000d6d80000, 0x00000000db580000, 0x0000000100000000)
  eden space 31744K, 0% used [0x00000000d6d80000,0x00000000d6d80000,0x00000000d8c80000)
  from space 5120K, 99% used [0x00000000d8c80000,0x00000000d91792e8,0x00000000d9180000)
  to   space 5120K, 0% used [0x00000000db080000,0x00000000db080000,0x00000000db580000)
 ParOldGen       total 84992K, used 2607K [0x0000000084800000, 0x0000000089b00000, 0x00000000d6d80000)
  object space 84992K, 3% used [0x0000000084800000,0x0000000084a8bd38,0x0000000089b00000)
 Metaspace       used 11632K, capacity 11853K, committed 12160K, reserved 1060864K
  class space    used 1224K, capacity 1291K, committed 1408K, reserved 1048576K
}
Event: 13,947 GC heap before
{Heap before GC invocations=2 (full 0):
 PSYoungGen      total 36864K, used 36836K [0x00000000d6d80000, 0x00000000db580000, 0x0000000100000000)
  eden space 31744K, 100% used [0x00000000d6d80000,0x00000000d8c80000,0x00000000d8c80000)
  from space 5120K, 99% used [0x00000000d8c80000,0x00000000d91792e8,0x00000000d9180000)
  to   space 5120K, 0% used [0x00000000db080000,0x00000000db080000,0x00000000db580000)
 ParOldGen       total 84992K, used 2607K [0x0000000084800000, 0x0000000089b00000, 0x00000000d6d80000)
  object space 84992K, 3% used [0x0000000084800000,0x0000000084a8bd38,0x0000000089b00000)
 Metaspace       used 14570K, capacity 14833K, committed 14976K, reserved 1062912K
  class space    used 1490K, capacity 1581K, committed 1664K, reserved 1048576K
Event: 13,962 GC heap after
Heap after GC invocations=2 (full 0):
 PSYoungGen      total 36864K, used 5108K [0x00000000d6d80000, 0x00000000db580000, 0x0000000100000000)
  eden space 31744K, 0% used [0x00000000d6d80000,0x00000000d6d80000,0x00000000d8c80000)
  from space 5120K, 99% used [0x00000000db080000,0x00000000db57d098,0x00000000db580000)
  to   space 5120K, 0% used [0x00000000d8c80000,0x00000000d8c80000,0x00000000d9180000)
 ParOldGen       total 84992K, used 11448K [0x0000000084800000, 0x0000000089b00000, 0x00000000d6d80000)
  object space 84992K, 13% used [0x0000000084800000,0x000000008532e3b0,0x0000000089b00000)
 Metaspace       used 14570K, capacity 14833K, committed 14976K, reserved 1062912K
  class space    used 1490K, capacity 1581K, committed 1664K, reserved 1048576K
}

